<?xml version="1.0" encoding="UTF-8"?>
<!-- Generated by org.testng.reporters.JUnitReportReporter -->
<testsuite hostname="L-357009218" failures="0" tests="4" name="IncludeExcludeGroups.IncludeExcludeDemo" time="0.037" errors="0" timestamp="2023-05-12T11:21:59 IST" skipped="0">
  <testcase classname="IncludeExcludeGroups.IncludeExcludeDemo" name="test_case1" time="0.026"/>
  <system-out/>
  <testcase classname="IncludeExcludeGroups.IncludeExcludeDemo" name="test_case4" time="0.006"/>
  <system-out/>
  <testcase classname="IncludeExcludeGroups.IncludeExcludeDemo" name="test_case2" time="0.002"/>
  <system-out/>
  <testcase classname="IncludeExcludeGroups.IncludeExcludeDemo" name="test_case3" time="0.003"/>
  <system-out/>
</testsuite> <!-- IncludeExcludeGroups.IncludeExcludeDemo -->
